<?xml version="1.0" encoding="UTF-8"?>
<testng-results ignored="0" total="3" passed="3" failed="0" skipped="0">
  <reporter-output>
  </reporter-output>
  <suite started-at="2024-12-31T15:46:27 SGT" name="Suite" finished-at="2024-12-31T15:46:52 SGT" duration-ms="25687">
    <groups>
    </groups>
    <test started-at="2024-12-31T15:46:27 SGT" name="Test" finished-at="2024-12-31T15:46:52 SGT" duration-ms="25687">
      <class name="Automation_Abdul.SeleniumFramework.ErrorVerificationTest">
        <test-method is-config="true" signature="launchApplication()[pri:0, instance:Automation_Abdul.SeleniumFramework.ErrorVerificationTest@a9cd3b1]" started-at="2024-12-31T15:46:27 SGT" name="launchApplication" finished-at="2024-12-31T15:46:33 SGT" duration-ms="5770" status="PASS">
          <reporter-output>
          </reporter-output>
        </test-method> <!-- launchApplication -->
        <test-method signature="checkOrderList()[pri:0, instance:Automation_Abdul.SeleniumFramework.ErrorVerificationTest@a9cd3b1]" started-at="2024-12-31T15:46:33 SGT" name="checkOrderList" finished-at="2024-12-31T15:46:34 SGT" duration-ms="1297" status="PASS">
          <reporter-output>
          </reporter-output>
        </test-method> <!-- checkOrderList -->
        <test-method is-config="true" signature="tearDown()[pri:0, instance:Automation_Abdul.SeleniumFramework.ErrorVerificationTest@a9cd3b1]" started-at="2024-12-31T15:46:34 SGT" name="tearDown" finished-at="2024-12-31T15:46:34 SGT" duration-ms="191" status="PASS">
          <reporter-output>
          </reporter-output>
        </test-method> <!-- tearDown -->
        <test-method is-config="true" signature="launchApplication()[pri:0, instance:Automation_Abdul.SeleniumFramework.ErrorVerificationTest@a9cd3b1]" started-at="2024-12-31T15:46:34 SGT" name="launchApplication" finished-at="2024-12-31T15:46:39 SGT" duration-ms="4881" status="PASS">
          <reporter-output>
          </reporter-output>
        </test-method> <!-- launchApplication -->
        <test-method signature="emailValidation()[pri:0, instance:Automation_Abdul.SeleniumFramework.ErrorVerificationTest@a9cd3b1]" started-at="2024-12-31T15:46:39 SGT" name="emailValidation" finished-at="2024-12-31T15:46:40 SGT" duration-ms="1364" status="PASS">
          <reporter-output>
          </reporter-output>
        </test-method> <!-- emailValidation -->
        <test-method is-config="true" signature="tearDown()[pri:0, instance:Automation_Abdul.SeleniumFramework.ErrorVerificationTest@a9cd3b1]" started-at="2024-12-31T15:46:40 SGT" name="tearDown" finished-at="2024-12-31T15:46:40 SGT" duration-ms="171" status="PASS">
          <reporter-output>
          </reporter-output>
        </test-method> <!-- tearDown -->
      </class> <!-- Automation_Abdul.SeleniumFramework.ErrorVerificationTest -->
      <class name="Automation_Abdul.SeleniumFramework.Framework1">
        <test-method is-config="true" signature="launchApplication()[pri:0, instance:Automation_Abdul.SeleniumFramework.Framework1@50eac852]" started-at="2024-12-31T15:46:40 SGT" name="launchApplication" finished-at="2024-12-31T15:46:45 SGT" duration-ms="4471" status="PASS">
          <reporter-output>
          </reporter-output>
        </test-method> <!-- launchApplication -->
        <test-method signature="PlaceOrder()[pri:0, instance:Automation_Abdul.SeleniumFramework.Framework1@50eac852]" started-at="2024-12-31T15:46:45 SGT" name="PlaceOrder" finished-at="2024-12-31T15:46:52 SGT" duration-ms="7331" status="PASS">
          <reporter-output>
          </reporter-output>
        </test-method> <!-- PlaceOrder -->
        <test-method is-config="true" signature="tearDown()[pri:0, instance:Automation_Abdul.SeleniumFramework.Framework1@50eac852]" started-at="2024-12-31T15:46:52 SGT" name="tearDown" finished-at="2024-12-31T15:46:52 SGT" duration-ms="143" status="PASS">
          <reporter-output>
          </reporter-output>
        </test-method> <!-- tearDown -->
      </class> <!-- Automation_Abdul.SeleniumFramework.Framework1 -->
    </test> <!-- Test -->
  </suite> <!-- Suite -->
</testng-results>
