<?xml version="1.0" encoding="UTF-8"?>
<!-- Generated by org.testng.reporters.JUnitXMLReporter -->
<testsuite ignored="0" hostname="LAPTOP-2JGJMHUL" failures="0" tests="3" name="Test" time="25.687" errors="0" timestamp="2024-12-31T15:46:52 SGT">
  <testcase classname="Automation_Abdul.SeleniumFramework.ErrorVerificationTest" name="checkOrderList" time="1.297"/>
  <testcase classname="Automation_Abdul.SeleniumFramework.ErrorVerificationTest" name="emailValidation" time="1.364"/>
  <testcase classname="Automation_Abdul.SeleniumFramework.Framework1" name="PlaceOrder" time="7.331"/>
</testsuite> <!-- Test -->
