<?xml version="1.0" encoding="UTF-8"?>
<testng-results ignored="0" total="3" passed="3" failed="0" skipped="0">
  <reporter-output>
  </reporter-output>
  <suite started-at="2024-12-31T15:47:17 SGT" name="Suite" finished-at="2024-12-31T15:47:55 SGT" duration-ms="38003">
    <groups>
    </groups>
    <test started-at="2024-12-31T15:47:17 SGT" name="Test" finished-at="2024-12-31T15:47:55 SGT" duration-ms="38003">
      <class name="Automation_Abdul.SeleniumFramework.ErrorVerificationTest">
        <test-method is-config="true" signature="launchApplication()[pri:0, instance:Automation_Abdul.SeleniumFramework.ErrorVerificationTest@56620197]" started-at="2024-12-31T15:47:17 SGT" name="launchApplication" finished-at="2024-12-31T15:47:22 SGT" duration-ms="5657" status="PASS">
          <reporter-output>
          </reporter-output>
        </test-method> <!-- launchApplication -->
        <test-method signature="checkOrderList()[pri:0, instance:Automation_Abdul.SeleniumFramework.ErrorVerificationTest@56620197]" started-at="2024-12-31T15:47:22 SGT" name="checkOrderList" finished-at="2024-12-31T15:47:24 SGT" duration-ms="1275" status="PASS">
          <reporter-output>
          </reporter-output>
        </test-method> <!-- checkOrderList -->
        <test-method is-config="true" signature="tearDown()[pri:0, instance:Automation_Abdul.SeleniumFramework.ErrorVerificationTest@56620197]" started-at="2024-12-31T15:47:24 SGT" name="tearDown" finished-at="2024-12-31T15:47:24 SGT" duration-ms="201" status="PASS">
          <reporter-output>
          </reporter-output>
        </test-method> <!-- tearDown -->
        <test-method is-config="true" signature="launchApplication()[pri:0, instance:Automation_Abdul.SeleniumFramework.ErrorVerificationTest@56620197]" started-at="2024-12-31T15:47:24 SGT" name="launchApplication" finished-at="2024-12-31T15:47:30 SGT" duration-ms="6286" status="PASS">
          <reporter-output>
          </reporter-output>
        </test-method> <!-- launchApplication -->
        <test-method signature="emailValidation()[pri:0, instance:Automation_Abdul.SeleniumFramework.ErrorVerificationTest@56620197]" started-at="2024-12-31T15:47:30 SGT" name="emailValidation" finished-at="2024-12-31T15:47:31 SGT" duration-ms="804" status="PASS">
          <reporter-output>
          </reporter-output>
        </test-method> <!-- emailValidation -->
        <test-method is-config="true" signature="tearDown()[pri:0, instance:Automation_Abdul.SeleniumFramework.ErrorVerificationTest@56620197]" started-at="2024-12-31T15:47:31 SGT" name="tearDown" finished-at="2024-12-31T15:47:31 SGT" duration-ms="205" status="PASS">
          <reporter-output>
          </reporter-output>
        </test-method> <!-- tearDown -->
      </class> <!-- Automation_Abdul.SeleniumFramework.ErrorVerificationTest -->
      <class name="Automation_Abdul.SeleniumFramework.Framework1">
        <test-method is-config="true" signature="launchApplication()[pri:0, instance:Automation_Abdul.SeleniumFramework.Framework1@9f116cc]" started-at="2024-12-31T15:47:31 SGT" name="launchApplication" finished-at="2024-12-31T15:47:36 SGT" duration-ms="4821" status="PASS">
          <reporter-output>
          </reporter-output>
        </test-method> <!-- launchApplication -->
        <test-method signature="PlaceOrder()[pri:0, instance:Automation_Abdul.SeleniumFramework.Framework1@9f116cc]" started-at="2024-12-31T15:47:36 SGT" name="PlaceOrder" finished-at="2024-12-31T15:47:55 SGT" duration-ms="18471" status="PASS">
          <reporter-output>
          </reporter-output>
        </test-method> <!-- PlaceOrder -->
        <test-method is-config="true" signature="tearDown()[pri:0, instance:Automation_Abdul.SeleniumFramework.Framework1@9f116cc]" started-at="2024-12-31T15:47:55 SGT" name="tearDown" finished-at="2024-12-31T15:47:55 SGT" duration-ms="180" status="PASS">
          <reporter-output>
          </reporter-output>
        </test-method> <!-- tearDown -->
      </class> <!-- Automation_Abdul.SeleniumFramework.Framework1 -->
    </test> <!-- Test -->
  </suite> <!-- Suite -->
</testng-results>
