<?xml version="1.0" encoding="UTF-8"?>
<!-- Generated by org.testng.reporters.JUnitXMLReporter -->
<testsuite ignored="0" hostname="LAPTOP-2JGJMHUL" failures="0" tests="3" name="Test" time="38.003" errors="0" timestamp="2024-12-31T15:47:55 SGT">
  <testcase classname="Automation_Abdul.SeleniumFramework.ErrorVerificationTest" name="checkOrderList" time="1.275"/>
  <testcase classname="Automation_Abdul.SeleniumFramework.ErrorVerificationTest" name="emailValidation" time="0.804"/>
  <testcase classname="Automation_Abdul.SeleniumFramework.Framework1" name="PlaceOrder" time="18.471"/>
</testsuite> <!-- Test -->
